<?xml version="1.0" encoding="UTF-8"?>
<testng-results ignored="0" total="1" passed="1" failed="0" skipped="0">
  <reporter-output>
  </reporter-output>
  <suite started-at="2024-09-07T13:08:13 IST" name="Default suite" finished-at="2024-09-07T13:08:42 IST" duration-ms="29070">
    <groups>
    </groups>
    <test started-at="2024-09-07T13:08:13 IST" name="Default test" finished-at="2024-09-07T13:08:42 IST" duration-ms="29070">
      <class name="test.smartbaskettest">
        <test-method is-config="true" signature="setup()[pri:0, instance:test.smartbaskettest@6069db50]" started-at="2024-09-07T13:08:13 IST" name="setup" finished-at="2024-09-07T13:08:16 IST" duration-ms="2690" status="PASS">
          <reporter-output>
          </reporter-output>
        </test-method> <!-- setup -->
        <test-method is-config="true" signature="url()[pri:0, instance:test.smartbaskettest@6069db50]" started-at="2024-09-07T13:08:16 IST" name="url" finished-at="2024-09-07T13:08:21 IST" duration-ms="5225" status="PASS">
          <reporter-output>
          </reporter-output>
        </test-method> <!-- url -->
        <test-method signature="test()[pri:0, instance:test.smartbaskettest@6069db50]" started-at="2024-09-07T13:08:21 IST" name="test" finished-at="2024-09-07T13:08:42 IST" duration-ms="21066" status="PASS">
          <reporter-output>
          </reporter-output>
        </test-method> <!-- test -->
      </class> <!-- test.smartbaskettest -->
    </test> <!-- Default test -->
  </suite> <!-- Default suite -->
</testng-results>
